<?xml version="1.0" encoding="UTF-8"?>
<robot generator="Robot 4.0 (Python 3.9.2 on darwin)" generated="20210401 13:31:06.325" rpa="false" schemaversion="2">
<suite id="s1" name="Homepage" source="/Users/admin/PycharmProjects/datadriven/testcase/homepage.robot">
<kw name="Run Keywords" library="BuiltIn" type="SETUP">
<arg>open the browser</arg>
<doc>Executes all the given keywords in a sequence.</doc>
<kw name="open the browser" library="homepage">
<kw name="Open Browser" library="Selenium2Library">
<arg>${base_url}</arg>
<arg>${BROWSER}</arg>
<doc>Opens a new browser instance to the optional ``url``.</doc>
<msg timestamp="20210401 13:31:06.939" level="INFO">Opening browser 'Chrome' to base url 'https://www.powerbuy.co.th/en/'.</msg>
<status status="PASS" starttime="20210401 13:31:06.939" endtime="20210401 13:31:13.980"/>
</kw>
<kw name="Maximize Browser Window" library="Selenium2Library">
<doc>Maximizes current browser window.</doc>
<status status="PASS" starttime="20210401 13:31:13.981" endtime="20210401 13:31:14.347"/>
</kw>
<status status="PASS" starttime="20210401 13:31:06.938" endtime="20210401 13:31:14.348"/>
</kw>
<status status="PASS" starttime="20210401 13:31:06.938" endtime="20210401 13:31:14.348"/>
</kw>
<test id="s1-t1" name="TC-DataDriven-TV4455">
<kw name="add to cart">
<arg>Tv</arg>
<arg>44 - 55 inches</arg>
<arg>TV UHD LED 2020 (55",4K,Smart) 55UN7200PTF.ATM</arg>
<kw name="serach products" library="homepage">
<arg>${search_product_name}</arg>
<kw name="Wait Until Element Is Visible" library="Selenium2Library">
<arg>${txt_Search}</arg>
<arg>10s</arg>
<doc>Waits until the element ``locator`` is visible.</doc>
<status status="PASS" starttime="20210401 13:31:14.353" endtime="20210401 13:31:14.445"/>
</kw>
<kw name="Input Text" library="Selenium2Library">
<arg>${txt_Search}</arg>
<arg>${txt_input}</arg>
<doc>Types the given ``text`` into the text field identified by ``locator``.</doc>
<msg timestamp="20210401 13:31:14.446" level="INFO">Typing text 'Tv' into text field 'xpath=//input[@placeholder="I am looking for..."]'.</msg>
<status status="PASS" starttime="20210401 13:31:14.445" endtime="20210401 13:31:14.633"/>
</kw>
<status status="PASS" starttime="20210401 13:31:14.352" endtime="20210401 13:31:14.633"/>
</kw>
<kw name="click on search button" library="homepage">
<kw name="Wait Until Element Is Visible" library="Selenium2Library">
<arg>${btn_Search}</arg>
<arg>10s</arg>
<doc>Waits until the element ``locator`` is visible.</doc>
<status status="PASS" starttime="20210401 13:31:14.634" endtime="20210401 13:31:14.876"/>
</kw>
<kw name="Click Element" library="Selenium2Library">
<arg>${btn_Search}</arg>
<doc>Click the element identified by ``locator``.</doc>
<msg timestamp="20210401 13:31:14.877" level="INFO">Clicking element 'xpath=(//button[@id="btn-searchBox-input"])[1]'.</msg>
<status status="PASS" starttime="20210401 13:31:14.876" endtime="20210401 13:31:15.237"/>
</kw>
<status status="PASS" starttime="20210401 13:31:14.633" endtime="20210401 13:31:15.238"/>
</kw>
<kw name="Check box option" library="homepage">
<arg>${filter_name}</arg>
<kw name="Wait Until Element Is Visible" library="Selenium2Library">
<arg>${txt_ScreenTechnology}</arg>
<arg>15s</arg>
<doc>Waits until the element ``locator`` is visible.</doc>
<status status="PASS" starttime="20210401 13:31:15.238" endtime="20210401 13:31:19.188"/>
</kw>
<kw name="Scroll element" library="homepage">
<arg>${txt_ScreenTechnology}</arg>
<kw name="Wait Until Element Is Visible" library="Selenium2Library">
<arg>${element}</arg>
<arg>15s</arg>
<doc>Waits until the element ``locator`` is visible.</doc>
<status status="PASS" starttime="20210401 13:31:19.189" endtime="20210401 13:31:19.204"/>
</kw>
<kw name="Scroll Element Into View" library="Selenium2Library">
<arg>${element}</arg>
<doc>Scrolls the element identified by ``locator`` into view.</doc>
<status status="PASS" starttime="20210401 13:31:19.205" endtime="20210401 13:31:19.613"/>
</kw>
<kw name="Wait Until Element Is Visible" library="Selenium2Library">
<arg>${element}</arg>
<arg>15s</arg>
<doc>Waits until the element ``locator`` is visible.</doc>
<status status="PASS" starttime="20210401 13:31:19.613" endtime="20210401 13:31:19.645"/>
</kw>
<status status="PASS" starttime="20210401 13:31:19.188" endtime="20210401 13:31:19.645"/>
</kw>
<kw name="Click Element" library="Selenium2Library">
<arg>xpath=//div[contains(text(), "${option}")]/parent::div/preceding-sibling::div/div</arg>
<doc>Click the element identified by ``locator``.</doc>
<msg timestamp="20210401 13:31:19.646" level="INFO">Clicking element 'xpath=//div[contains(text(), "44 - 55 inches")]/parent::div/preceding-sibling::div/div'.</msg>
<status status="PASS" starttime="20210401 13:31:19.646" endtime="20210401 13:31:20.066"/>
</kw>
<status status="PASS" starttime="20210401 13:31:15.238" endtime="20210401 13:31:20.066"/>
</kw>
<kw name="Click on product" library="homepage">
<arg>${product_name}</arg>
<kw name="verify element is not on page" library="homepage">
<arg>xpath=//span[contains(text(), '${product_name}')]</arg>
<kw name="Set Selenium Implicit Wait" library="Selenium2Library">
<var>${old_wait}</var>
<arg>10</arg>
<doc>Sets the implicit wait value used by Selenium.</doc>
<msg timestamp="20210401 13:31:20.069" level="INFO">${old_wait} = 0 seconds</msg>
<status status="PASS" starttime="20210401 13:31:20.067" endtime="20210401 13:31:20.069"/>
</kw>
<kw name="Run Keyword And Continue On Failure" library="BuiltIn">
<arg>page should not contain element</arg>
<arg>${locator}</arg>
<doc>Runs the keyword and continues execution even if a failure occurs.</doc>
<kw name="Page Should Not Contain Element" library="Selenium2Library">
<arg>${locator}</arg>
<doc>Verifies that element ``locator`` is not found on the current page.</doc>
<kw name="Capture Page Screenshot" library="Selenium2Library">
<doc>Takes a screenshot of the current page and embeds it into a log file.</doc>
<msg timestamp="20210401 13:31:20.925" level="INFO" html="true">&lt;/td&gt;&lt;/tr&gt;&lt;tr&gt;&lt;td colspan="3"&gt;&lt;a href="selenium-screenshot-16.png"&gt;&lt;img src="selenium-screenshot-16.png" width="800px"&gt;&lt;/a&gt;</msg>
<status status="PASS" starttime="20210401 13:31:20.125" endtime="20210401 13:31:20.925"/>
</kw>
<msg timestamp="20210401 13:31:20.926" level="FAIL">Page should not have contained element 'xpath=//span[contains(text(), 'TV UHD LED 2020 (55",4K,Smart) 55UN7200PTF.ATM')]'.</msg>
<status status="FAIL" starttime="20210401 13:31:20.070" endtime="20210401 13:31:20.926"/>
</kw>
<status status="FAIL" starttime="20210401 13:31:20.070" endtime="20210401 13:31:20.926"/>
</kw>
<kw name="Set Selenium Implicit Wait" library="Selenium2Library">
<arg>${old_wait}</arg>
<doc>Sets the implicit wait value used by Selenium.</doc>
<status status="PASS" starttime="20210401 13:31:20.926" endtime="20210401 13:31:20.928"/>
</kw>
<status status="FAIL" starttime="20210401 13:31:20.067" endtime="20210401 13:31:20.928"/>
</kw>
<kw name="Wait Until Element Is Visible" library="Selenium2Library">
<arg>xpath=//span[contains(text(), '${product_name}')]</arg>
<arg>15s</arg>
<doc>Waits until the element ``locator`` is visible.</doc>
<status status="PASS" starttime="20210401 13:31:20.928" endtime="20210401 13:31:21.010"/>
</kw>
<kw name="Click Element" library="Selenium2Library">
<arg>xpath=//span[contains(text(), '${product_name}')]</arg>
<doc>Click the element identified by ``locator``.</doc>
<msg timestamp="20210401 13:31:21.011" level="INFO">Clicking element 'xpath=//span[contains(text(), 'TV UHD LED 2020 (55",4K,Smart) 55UN7200PTF.ATM')]'.</msg>
<kw name="Capture Page Screenshot" library="Selenium2Library">
<doc>Takes a screenshot of the current page and embeds it into a log file.</doc>
<msg timestamp="20210401 13:31:22.604" level="INFO" html="true">&lt;/td&gt;&lt;/tr&gt;&lt;tr&gt;&lt;td colspan="3"&gt;&lt;a href="selenium-screenshot-17.png"&gt;&lt;img src="selenium-screenshot-17.png" width="800px"&gt;&lt;/a&gt;</msg>
<status status="PASS" starttime="20210401 13:31:21.359" endtime="20210401 13:31:22.604"/>
</kw>
<msg timestamp="20210401 13:31:22.605" level="FAIL">StaleElementReferenceException: Message: stale element reference: element is not attached to the page document
  (Session info: chrome=89.0.4389.90)
</msg>
<status status="FAIL" starttime="20210401 13:31:21.011" endtime="20210401 13:31:22.605"/>
</kw>
<status status="FAIL" starttime="20210401 13:31:20.066" endtime="20210401 13:31:22.605"/>
</kw>
<kw name="Click on Add to cart" library="homepage">
<status status="NOT RUN" starttime="20210401 13:31:22.606" endtime="20210401 13:31:22.606"/>
</kw>
<kw name="Back to home" library="homepage">
<status status="NOT RUN" starttime="20210401 13:31:22.606" endtime="20210401 13:31:22.606"/>
</kw>
<status status="FAIL" starttime="20210401 13:31:14.350" endtime="20210401 13:31:22.606"/>
</kw>
<status status="FAIL" starttime="20210401 13:31:14.348" endtime="20210401 13:31:22.606">Several failures occurred:

1) Page should not have contained element 'xpath=//span[contains(text(), 'TV UHD LED 2020 (55",4K,Smart) 55UN7200PTF.ATM')]'.

2) StaleElementReferenceException: Message: stale element reference: element is not attached to the page document
  (Session info: chrome=89.0.4389.90)
</status>
</test>
<test id="s1-t2" name="TC-DataDriven-TV3243">
<kw name="add to cart">
<arg>TV</arg>
<arg>32 - 43 inches</arg>
<arg>TV HD LED (32",Smart) 32LN560BPTA</arg>
<kw name="serach products" library="homepage">
<arg>${search_product_name}</arg>
<kw name="Wait Until Element Is Visible" library="Selenium2Library">
<arg>${txt_Search}</arg>
<arg>10s</arg>
<doc>Waits until the element ``locator`` is visible.</doc>
<status status="PASS" starttime="20210401 13:31:22.609" endtime="20210401 13:31:22.664"/>
</kw>
<kw name="Input Text" library="Selenium2Library">
<arg>${txt_Search}</arg>
<arg>${txt_input}</arg>
<doc>Types the given ``text`` into the text field identified by ``locator``.</doc>
<msg timestamp="20210401 13:31:22.665" level="INFO">Typing text 'TV' into text field 'xpath=//input[@placeholder="I am looking for..."]'.</msg>
<status status="PASS" starttime="20210401 13:31:22.664" endtime="20210401 13:31:23.000"/>
</kw>
<status status="PASS" starttime="20210401 13:31:22.608" endtime="20210401 13:31:23.001"/>
</kw>
<kw name="click on search button" library="homepage">
<kw name="Wait Until Element Is Visible" library="Selenium2Library">
<arg>${btn_Search}</arg>
<arg>10s</arg>
<doc>Waits until the element ``locator`` is visible.</doc>
<status status="PASS" starttime="20210401 13:31:23.001" endtime="20210401 13:31:23.041"/>
</kw>
<kw name="Click Element" library="Selenium2Library">
<arg>${btn_Search}</arg>
<doc>Click the element identified by ``locator``.</doc>
<msg timestamp="20210401 13:31:23.041" level="INFO">Clicking element 'xpath=(//button[@id="btn-searchBox-input"])[1]'.</msg>
<status status="PASS" starttime="20210401 13:31:23.041" endtime="20210401 13:31:23.306"/>
</kw>
<status status="PASS" starttime="20210401 13:31:23.001" endtime="20210401 13:31:23.307"/>
</kw>
<kw name="Check box option" library="homepage">
<arg>${filter_name}</arg>
<kw name="Wait Until Element Is Visible" library="Selenium2Library">
<arg>${txt_ScreenTechnology}</arg>
<arg>15s</arg>
<doc>Waits until the element ``locator`` is visible.</doc>
<kw name="Capture Page Screenshot" library="Selenium2Library">
<doc>Takes a screenshot of the current page and embeds it into a log file.</doc>
<msg timestamp="20210401 13:31:31.957" level="FAIL">NoSuchWindowException: Message: no such window: target window already closed
from unknown error: web view not found
  (Session info: chrome=89.0.4389.90)
</msg>
<status status="FAIL" starttime="20210401 13:31:31.953" endtime="20210401 13:31:31.958"/>
</kw>
<msg timestamp="20210401 13:31:31.958" level="WARN">Keyword 'Capture Page Screenshot' could not be run on failure: NoSuchWindowException: Message: no such window: target window already closed
from unknown error: web view not found
  (Session info: chrome=89.0.4389.90)
</msg>
<msg timestamp="20210401 13:31:31.960" level="FAIL">NoSuchWindowException: Message: no such window: target window already closed
from unknown error: web view not found
  (Session info: chrome=89.0.4389.90)
</msg>
<status status="FAIL" starttime="20210401 13:31:23.308" endtime="20210401 13:31:31.960"/>
</kw>
<kw name="Scroll element" library="homepage">
<arg>${txt_ScreenTechnology}</arg>
<status status="NOT RUN" starttime="20210401 13:31:31.960" endtime="20210401 13:31:31.960"/>
</kw>
<kw name="Click Element" library="Selenium2Library">
<arg>xpath=//div[contains(text(), "${option}")]/parent::div/preceding-sibling::div/div</arg>
<doc>Click the element identified by ``locator``.</doc>
<status status="NOT RUN" starttime="20210401 13:31:31.960" endtime="20210401 13:31:31.960"/>
</kw>
<status status="FAIL" starttime="20210401 13:31:23.307" endtime="20210401 13:31:31.960"/>
</kw>
<kw name="Click on product" library="homepage">
<arg>${product_name}</arg>
<status status="NOT RUN" starttime="20210401 13:31:31.960" endtime="20210401 13:31:31.961"/>
</kw>
<kw name="Click on Add to cart" library="homepage">
<status status="NOT RUN" starttime="20210401 13:31:31.961" endtime="20210401 13:31:31.961"/>
</kw>
<kw name="Back to home" library="homepage">
<status status="NOT RUN" starttime="20210401 13:31:31.961" endtime="20210401 13:31:31.961"/>
</kw>
<status status="FAIL" starttime="20210401 13:31:22.608" endtime="20210401 13:31:31.961"/>
</kw>
<status status="FAIL" starttime="20210401 13:31:22.607" endtime="20210401 13:31:31.961">NoSuchWindowException: Message: no such window: target window already closed
from unknown error: web view not found
  (Session info: chrome=89.0.4389.90)
</status>
</test>
<status status="FAIL" starttime="20210401 13:31:06.326" endtime="20210401 13:31:31.962"/>
</suite>
<statistics>
<total>
<stat pass="0" fail="2" skip="0">All Tests</stat>
</total>
<tag>
</tag>
<suite>
<stat pass="0" fail="2" skip="0" id="s1" name="Homepage">Homepage</stat>
</suite>
</statistics>
<errors>
<msg timestamp="20210401 13:31:31.958" level="WARN">Keyword 'Capture Page Screenshot' could not be run on failure: NoSuchWindowException: Message: no such window: target window already closed
from unknown error: web view not found
  (Session info: chrome=89.0.4389.90)
</msg>
</errors>
</robot>
